<?xml version="1.0" encoding="UTF-8"?>
<testsuite xmlns:xsi="http://www.w3.org/2001/XMLSchema-instance" xsi:noNamespaceSchemaLocation="https://maven.apache.org/surefire/maven-surefire-plugin/xsd/surefire-test-report-3.0.xsd" version="3.0" name="com.company.envchecker.collector.SystemInfoCollectorTest" time="0.036" tests="9" errors="0" skipped="0" failures="0">
  <properties>
[...]
</properties>
  <testcase name="isLinux_ShouldReturnCorrectResult" classname="com.company.envchecker.collector.SystemInfoCollectorTest" time="0.014"/>
  <testcase name="getPathSeparator_ShouldReturnValidSeparator" classname="com.company.envchecker.collector.SystemInfoCollectorTest" time="0"/>
  <testcase name="isWindows_ShouldReturnCorrectResult" classname="com.company.envchecker.collector.SystemInfoCollectorTest" time="0"/>
  <testcase name="isMacOS_ShouldReturnCorrectResult" classname="com.company.envchecker.collector.SystemInfoCollectorTest" time="0"/>
  <testcase name="getDetailedOSInfo_ShouldReturnFormattedOSInfo" classname="com.company.envchecker.collector.SystemInfoCollectorTest" time="0"/>
  <testcase name="getLineSeparator_ShouldReturnValidSeparator" classname="com.company.envchecker.collector.SystemInfoCollectorTest" time="0.001"/>
  <testcase name="getFileSeparator_ShouldReturnValidSeparator" classname="com.company.envchecker.collector.SystemInfoCollectorTest" time="0.001"/>
  <testcase name="getMemoryInfo_ShouldReturnFormattedMemoryInfo" classname="com.company.envchecker.collector.SystemInfoCollectorTest" time="0.005"/>
  <testcase name="collectSystemInfo_ShouldReturnValidSystemInfo" classname="com.company.envchecker.collector.SystemInfoCollectorTest" time="0.001"/>
</testsuite>